d:\users\bruefm\documents\visual studio 2015\projects\thegamenew\debug\thegame.bsc
d:\users\bruefm\documents\visual studio 2015\projects\thegamenew\thegame\debug\vc140.pdb
d:\users\bruefm\documents\visual studio 2015\projects\thegamenew\thegame\debug\vc140.idb
d:\users\bruefm\documents\visual studio 2015\projects\thegamenew\thegame\debug\textures.sbr
d:\users\bruefm\documents\visual studio 2015\projects\thegamenew\thegame\debug\main.sbr
d:\users\bruefm\documents\visual studio 2015\projects\thegamenew\thegame\debug\environment.sbr
d:\users\bruefm\documents\visual studio 2015\projects\thegamenew\thegame\debug\creatures.sbr
d:\users\bruefm\documents\visual studio 2015\projects\thegamenew\thegame\debug\creatures.obj
d:\users\bruefm\documents\visual studio 2015\projects\thegamenew\thegame\debug\environment.obj
d:\users\bruefm\documents\visual studio 2015\projects\thegamenew\thegame\debug\main.obj
d:\users\bruefm\documents\visual studio 2015\projects\thegamenew\thegame\debug\textures.obj
d:\users\bruefm\documents\visual studio 2015\projects\thegamenew\debug\thegame.ilk
d:\users\bruefm\documents\visual studio 2015\projects\thegamenew\debug\thegame.exe
d:\users\bruefm\documents\visual studio 2015\projects\thegamenew\debug\thegame.pdb
d:\users\bruefm\documents\visual studio 2015\projects\thegamenew\debug\thegame.lib
d:\users\bruefm\documents\visual studio 2015\projects\thegamenew\debug\thegame.exp
d:\users\bruefm\documents\visual studio 2015\projects\thegamenew\thegame\debug\thegame.tlog\bscmake.command.1.tlog
d:\users\bruefm\documents\visual studio 2015\projects\thegamenew\thegame\debug\thegame.tlog\bscmake.read.1.tlog
d:\users\bruefm\documents\visual studio 2015\projects\thegamenew\thegame\debug\thegame.tlog\bscmake.write.1.tlog
d:\users\bruefm\documents\visual studio 2015\projects\thegamenew\thegame\debug\thegame.tlog\cl.command.1.tlog
d:\users\bruefm\documents\visual studio 2015\projects\thegamenew\thegame\debug\thegame.tlog\cl.read.1.tlog
d:\users\bruefm\documents\visual studio 2015\projects\thegamenew\thegame\debug\thegame.tlog\cl.write.1.tlog
d:\users\bruefm\documents\visual studio 2015\projects\thegamenew\thegame\debug\thegame.tlog\link.command.1.tlog
d:\users\bruefm\documents\visual studio 2015\projects\thegamenew\thegame\debug\thegame.tlog\link.read.1.tlog
d:\users\bruefm\documents\visual studio 2015\projects\thegamenew\thegame\debug\thegame.tlog\link.write.1.tlog
d:\users\bruefm\documents\visual studio 2015\projects\thegamenew\thegame\debug\thegame.tlog\thegame.write.1u.tlog
